
*** Running vivado
    with args -log GPS.vds -m64 -product Vivado -mode batch -messageDb vivado.pb -notrace -source GPS.tcl



****** Vivado v2020.1 (64-bit)
  **** SW Build 2902540 on Wed May 27 19:54:49 MDT 2020
  **** IP Build 2902112 on Wed May 27 22:43:36 MDT 2020
    ** Copyright 1986-2020 Xilinx, Inc. All Rights Reserved.

source GPS.tcl -notrace
Command: synth_design -top GPS -part xc7s50csga324-1
Starting synth_design
Attempting to get a license for feature 'Synthesis' and/or device 'xc7s50'
INFO: [Common 17-349] Got license for feature 'Synthesis' and/or device 'xc7s50'
INFO: [Device 21-403] Loading part xc7s50csga324-1
INFO: [Synth 8-7079] Multithreading enabled for synth_design using a maximum of 2 processes.
INFO: [Synth 8-7078] Launching helper process for spawning children vivado processes
INFO: [Synth 8-7075] Helper process launched with PID 11224
---------------------------------------------------------------------------------
Starting RTL Elaboration : Time (s): cpu = 00:00:05 ; elapsed = 00:00:05 . Memory (MB): peak = 1029.566 ; gain = 0.000
---------------------------------------------------------------------------------
ERROR: [Synth 8-2715] syntax error near case [G:/Git_Projects/Robot_GNC/Navigation/GPS/GPS_Parser.vhd:67]
ERROR: [Synth 8-1031] s_gpvtg is not declared [G:/Git_Projects/Robot_GNC/Navigation/GPS/GPS_Parser.vhd:103]
ERROR: [Synth 8-1031] cleanup is not declared [G:/Git_Projects/Robot_GNC/Navigation/GPS/GPS_Parser.vhd:106]
INFO: [Synth 8-2810] unit behavioral ignored due to previous errors [G:/Git_Projects/Robot_GNC/Navigation/GPS/GPS_Parser.vhd:43]
---------------------------------------------------------------------------------
Finished RTL Elaboration : Time (s): cpu = 00:00:06 ; elapsed = 00:00:06 . Memory (MB): peak = 1029.566 ; gain = 0.000
---------------------------------------------------------------------------------
RTL Elaboration failed
INFO: [Common 17-83] Releasing license: Synthesis
7 Infos, 0 Warnings, 0 Critical Warnings and 4 Errors encountered.
synth_design failed
ERROR: [Common 17-69] Command failed: Synthesis failed - please see the console or run log file for details
INFO: [Common 17-206] Exiting Vivado at Fri Jun  3 11:14:53 2022...
